<?xml version="1.0" encoding="UTF-8"?>
<testsuite name="Cucumber" time="0.017" tests="2" skipped="0" failures="1" errors="0" timestamp="1970-01-01T00:00:00Z">
<testcase classname="Global hooks" name="A passing scenario" time="0.003">
<system-out><![CDATA[
When a step passes..........................................................passed
]]></system-out>
</testcase>
<testcase classname="Global hooks" name="A failing scenario" time="0.003">
<failure type="Error" message="Exception in step">
<![CDATA[Error: Exception in step
samples/global-hooks/global-hooks.feature:10]]>
</failure>
<system-out><![CDATA[
When a step fails...........................................................failed
]]></system-out>
</testcase>
</testsuite>
