<?xml version="1.0" encoding="UTF-8"?>
<testsuite name="Cucumber" time="0.033" tests="4" skipped="0" failures="4" errors="0" timestamp="1970-01-01T00:00:00Z">
<testcase classname="Examples Tables - With Many Undefined Steps" name="Eating cucumbers - These are undefined because many of the values are not an {int} - #1.1" time="0.007">
<failure/>
<system-out><![CDATA[
Given there are pear cucumbers..............................................undefined
When I eat 1 cucumbers......................................................skipped
Then I should have apple cucumbers..........................................undefined
]]></system-out>
</testcase>
<testcase classname="Examples Tables - With Many Undefined Steps" name="Eating cucumbers - These are undefined because many of the values are not an {int} - #1.2" time="0.007">
<failure/>
<system-out><![CDATA[
Given there are pear cucumbers..............................................undefined
When I eat banana cucumbers.................................................undefined
Then I should have 12 cucumbers.............................................skipped
]]></system-out>
</testcase>
<testcase classname="Examples Tables - With Many Undefined Steps" name="Eating cucumbers - These are undefined because many of the values are not an {int} - #1.3" time="0.007">
<failure/>
<system-out><![CDATA[
Given there are 0 cucumbers.................................................passed
When I eat banana cucumbers.................................................undefined
Then I should have apple cucumbers..........................................undefined
]]></system-out>
</testcase>
<testcase classname="Examples Tables - With Many Undefined Steps" name="Eating cucumbers - These are undefined because many of the values are not an {int} - #1.4" time="0.007">
<failure/>
<system-out><![CDATA[
Given there are pear cucumbers..............................................undefined
When I eat banana cucumbers.................................................undefined
Then I should have apple cucumbers..........................................undefined
]]></system-out>
</testcase>
</testsuite>
