<?xml version="1.0" encoding="UTF-8"?>
<testsuite name="Cucumber" time="0.005" tests="1" skipped="0" failures="1" errors="0" timestamp="1970-01-01T00:00:00Z">
<testcase classname="Pending steps via exception" name="Pending via an exception" time="0.003">
<failure type="PendingException" message="TODO">
<![CDATA[PendingException: TODO
samples/pending-exception/pending-exception.feature:6]]>
</failure>
<system-out><![CDATA[
Given an unimplemented pending step.........................................pending
]]></system-out>
</testcase>
</testsuite>
