<?xml version="1.0" encoding="UTF-8"?>
<testsuite name="Cucumber" time="0.011" tests="2" skipped="0" failures="0" errors="0" timestamp="1970-01-01T00:00:00Z">
<testcase classname="Examples Tables - With attachments" name="Attaching images in an examples table - #1.1" time="0.004">
<system-out><![CDATA[
When a JPEG image is attached...............................................passed
]]></system-out>
</testcase>
<testcase classname="Examples Tables - With attachments" name="Attaching images in an examples table - #1.2" time="0.004">
<system-out><![CDATA[
When a PNG image is attached................................................passed
]]></system-out>
</testcase>
</testsuite>
