<?xml version="1.0" encoding="UTF-8"?>
<testsuite name="Cucumber" time="0.025" tests="3" skipped="0" failures="3" errors="0" timestamp="1970-01-01T00:00:00Z">
<testcase classname="Examples Tables - With Undefined Steps" name="Eating cucumbers - These are undefined because the value is not an {int} - #1.1" time="0.007">
<failure/>
<system-out><![CDATA[
Given there are pear cucumbers..............................................undefined
When I eat 1 cucumbers......................................................skipped
Then I should have 12 cucumbers.............................................skipped
]]></system-out>
</testcase>
<testcase classname="Examples Tables - With Undefined Steps" name="Eating cucumbers - These are undefined because the value is not an {int} - #1.2" time="0.007">
<failure/>
<system-out><![CDATA[
Given there are 12 cucumbers................................................passed
When I eat banana cucumbers.................................................undefined
Then I should have 12 cucumbers.............................................skipped
]]></system-out>
</testcase>
<testcase classname="Examples Tables - With Undefined Steps" name="Eating cucumbers - These are undefined because the value is not an {int} - #1.3" time="0.007">
<failure/>
<system-out><![CDATA[
Given there are 0 cucumbers.................................................passed
When I eat 1 cucumbers......................................................passed
Then I should have apple cucumbers..........................................undefined
]]></system-out>
</testcase>
</testsuite>
